2009-11-06 11:49:56 Notice: Notice (1024): Please change the value of 'Security.salt' in app/config/core.php to a salt value specific to your application in [CORE/cake/libs/debugger.php, line 557]
2009-11-06 11:49:57 Notice: Notice (1024): Please change the value of 'Security.salt' in app/config/core.php to a salt value specific to your application in [CORE/cake/libs/debugger.php, line 557]
2009-11-06 11:50:18 Notice: Notice (1024): Please change the value of 'Security.salt' in app/config/core.php to a salt value specific to your application in [CORE/cake/libs/debugger.php, line 557]
2009-11-06 11:51:07 Notice: Notice (1024): Please change the value of 'Security.salt' in app/config/core.php to a salt value specific to your application in [CORE/cake/libs/debugger.php, line 557]
2009-11-12 09:36:40 Notice: Notice (8): Undefined variable: isLogged in [APP/views/wild_users/login.ctp, line 1]
2009-11-12 09:36:40 Notice: Notice (8): Undefined variable: here in [APP/views/wild_users/login.ctp, line 8]
2009-11-12 09:36:40 Notice: Notice (8): Undefined variable: siteName in [APP/views/wild_users/login.ctp, line 25]
2009-11-12 09:38:01 Notice: Notice (8): Undefined variable: isLogged in [APP/views/wild_users/login.ctp, line 1]
2009-11-12 09:38:01 Notice: Notice (8): Undefined variable: here in [APP/views/wild_users/login.ctp, line 8]
2009-11-12 09:38:01 Notice: Notice (8): Undefined variable: siteName in [APP/views/wild_users/login.ctp, line 25]
2009-11-12 09:38:01 Notice: Notice (8): Undefined variable: javascript in [APP/views/layouts/login.ctp, line 20]
2009-11-12 10:08:33 Notice: Notice (8): Undefined variable: isLogged in [APP/views/wild_users/login.ctp, line 1]
2009-11-12 10:08:33 Notice: Notice (8): Undefined variable: here in [APP/views/wild_users/login.ctp, line 8]
2009-11-12 10:08:33 Notice: Notice (8): Undefined variable: siteName in [APP/views/wild_users/login.ctp, line 25]
2009-11-12 10:11:11 Notice: Notice (8): Undefined variable: isLogged in [APP/views/wild_users/login.ctp, line 1]
2009-11-12 10:11:11 Notice: Notice (8): Undefined variable: here in [APP/views/wild_users/login.ctp, line 8]
2009-11-12 10:11:11 Notice: Notice (8): Undefined variable: siteName in [APP/views/wild_users/login.ctp, line 25]
2009-11-12 10:11:12 Notice: Notice (8): Undefined variable: isLogged in [APP/views/wild_users/login.ctp, line 1]
2009-11-12 10:11:12 Notice: Notice (8): Undefined variable: here in [APP/views/wild_users/login.ctp, line 8]
2009-11-12 10:11:12 Notice: Notice (8): Undefined variable: siteName in [APP/views/wild_users/login.ctp, line 25]
2009-11-12 10:11:12 Notice: Notice (8): Undefined variable: isLogged in [APP/views/wild_users/login.ctp, line 1]
2009-11-12 10:11:12 Notice: Notice (8): Undefined variable: here in [APP/views/wild_users/login.ctp, line 8]
2009-11-12 10:11:12 Notice: Notice (8): Undefined variable: siteName in [APP/views/wild_users/login.ctp, line 25]
2009-11-12 10:11:14 Notice: Notice (8): Undefined variable: isLogged in [APP/views/wild_users/login.ctp, line 1]
2009-11-12 10:11:14 Notice: Notice (8): Undefined variable: here in [APP/views/wild_users/login.ctp, line 8]
2009-11-12 10:11:14 Notice: Notice (8): Undefined variable: siteName in [APP/views/wild_users/login.ctp, line 25]
2009-11-12 10:11:41 Notice: Notice (8): Undefined variable: isLogged in [APP/views/wild_users/login.ctp, line 1]
2009-11-12 10:11:41 Notice: Notice (8): Undefined variable: here in [APP/views/wild_users/login.ctp, line 8]
2009-11-12 10:11:41 Notice: Notice (8): Undefined variable: siteName in [APP/views/wild_users/login.ctp, line 25]
2009-11-12 10:19:27 Notice: Notice (8): Undefined variable: isLogged in [APP/views/wild_users/login.ctp, line 1]
2009-11-12 10:19:27 Notice: Notice (8): Undefined variable: here in [APP/views/wild_users/login.ctp, line 8]
2009-11-12 10:19:27 Notice: Notice (8): Undefined variable: siteName in [APP/views/wild_users/login.ctp, line 25]
2009-11-12 10:19:27 Notice: Notice (8): Undefined variable: isLogged in [APP/views/wild_users/login.ctp, line 1]
2009-11-12 10:19:27 Notice: Notice (8): Undefined variable: here in [APP/views/wild_users/login.ctp, line 8]
2009-11-12 10:19:27 Notice: Notice (8): Undefined variable: siteName in [APP/views/wild_users/login.ctp, line 25]
2009-11-12 11:08:04 Notice: Notice (8): Undefined variable: isLogged in [APP/views/wild_users/login.ctp, line 1]
2009-11-12 11:08:04 Notice: Notice (8): Undefined variable: here in [APP/views/wild_users/login.ctp, line 8]
2009-11-12 11:08:04 Notice: Notice (8): Undefined variable: siteName in [APP/views/wild_users/login.ctp, line 25]
2009-11-12 11:14:50 Notice: Notice (8): Undefined variable: isLogged in [APP/views/wild_users/login.ctp, line 1]
2009-11-12 11:14:50 Notice: Notice (8): Undefined variable: here in [APP/views/wild_users/login.ctp, line 8]
2009-11-12 11:14:50 Notice: Notice (8): Undefined variable: siteName in [APP/views/wild_users/login.ctp, line 25]
2009-11-12 11:18:55 Notice: Notice (8): Undefined variable: siteName in [APP/views/wild_users/login.ctp, line 25]
2009-11-12 11:18:56 Notice: Notice (8): Undefined variable: siteName in [APP/views/wild_users/login.ctp, line 25]
2009-11-12 11:53:33 Notice: Notice (8): Undefined property: WildUsersController::$isHome in [APP/controllers/components/seo.php, line 43]
2009-11-12 12:38:33 Notice: Notice (8): Undefined variable: partialLayout in [APP/views/wild_users/wf_index.ctp, line 29]
2009-11-12 12:38:34 Notice: Notice (8): Undefined variable: partialLayout in [APP/views/wild_users/wf_index.ctp, line 29]
2009-11-12 12:38:35 Notice: Notice (8): Undefined variable: partialLayout in [APP/views/wild_users/wf_index.ctp, line 29]
2009-11-12 12:45:06 Notice: Notice (8): Undefined variable: wild in [APP/views/wild_users/wf_index.ctp, line 39]
2009-11-12 23:33:59 Notice: Notice (8): Undefined variable: wild in [APP/views/wild_users/wf_index.ctp, line 39]
2009-11-12 23:44:43 Notice: Notice (8): Undefined variable: wild in [APP/views/wild_users/wf_index.ctp, line 39]
2009-11-12 23:44:45 Notice: Notice (8): Undefined variable: wild in [APP/views/wild_users/wf_index.ctp, line 39]
2009-11-12 23:44:45 Notice: Notice (8): Undefined variable: wild in [APP/views/wild_users/wf_index.ctp, line 39]
2009-11-13 08:49:21 Notice: Notice (8): Undefined variable: wild in [APP/views/wild_users/wf_index.ctp, line 39]
2009-11-13 08:52:52 Notice: Notice (8): Undefined variable: wild in [APP/views/wild_users/wf_index.ctp, line 39]
2009-11-13 08:54:11 Notice: Notice (8): Undefined variable: wild in [APP/views/wild_users/wf_index.ctp, line 39]
2009-11-13 08:55:27 Notice: Notice (8): Undefined variable: htmla in [APP/views/layouts/admin_default.ctp, line 61]
2009-11-13 08:55:55 Notice: Notice (8): Undefined variable: htmla in [APP/views/layouts/admin_default.ctp, line 61]
2009-11-13 17:56:46 Notice: Notice (8): Undefined variable: htmla in [APP/views/layouts/admin_default.ctp, line 61]
2009-11-13 17:57:18 Notice: Notice (8): Undefined variable: navigation in [APP/views/layouts/admin_default.ctp, line 68]
2009-11-13 19:00:16 Notice: Notice (8): Undefined variable: navigation in [APP/views/layouts/admin_default.ctp, line 68]
2009-11-14 07:44:20 Notice: Notice (8): Undefined variable: navigation in [APP/views/layouts/admin_default.ctp, line 68]
2009-11-14 07:45:46 Notice: Notice (8): Undefined variable: navigation in [APP/views/layouts/admin_default.ctp, line 68]
2009-11-14 07:48:20 Notice: Notice (8): Undefined variable: navigation in [APP/views/layouts/admin_default.ctp, line 68]
2009-11-14 08:29:11 Notice: Notice (8): Use of undefined constant WILDFLOWER_DIR - assumed 'WILDFLOWER_DIR' in [APP/controllers/components/jlm_packager.php, line 15]
2009-11-14 08:29:11 Notice: Notice (1024): /wildflower/jlm directory does not exist! in [APP/controllers/components/jlm_packager.php, line 16]
2009-11-14 08:29:11 Notice: Notice (8): Use of undefined constant WILDFLOWER_DIR - assumed 'WILDFLOWER_DIR' in [APP/controllers/components/jlm_packager.php, line 15]
2009-11-14 08:29:11 Notice: Notice (1024): /wildflower/jlm directory does not exist! in [APP/controllers/components/jlm_packager.php, line 16]
2009-11-14 08:29:34 Notice: Notice (8): Use of undefined constant WILDFLOWER_DIR - assumed 'WILDFLOWER_DIR' in [APP/controllers/components/jlm_packager.php, line 15]
2009-11-14 08:29:34 Notice: Notice (1024): /wildflower/jlm directory does not exist! in [APP/controllers/components/jlm_packager.php, line 16]
2009-11-14 08:29:45 Notice: Notice (8): Use of undefined constant WILDFLOWER_DIR - assumed 'WILDFLOWER_DIR' in [APP/controllers/components/jlm_packager.php, line 15]
2009-11-14 08:29:45 Notice: Notice (1024): /wildflower/jlm directory does not exist! in [APP/controllers/components/jlm_packager.php, line 16]
2009-11-14 08:29:46 Notice: Notice (8): Use of undefined constant WILDFLOWER_DIR - assumed 'WILDFLOWER_DIR' in [APP/controllers/components/jlm_packager.php, line 15]
2009-11-14 08:29:46 Notice: Notice (1024): /wildflower/jlm directory does not exist! in [APP/controllers/components/jlm_packager.php, line 16]
2009-11-14 08:29:47 Notice: Notice (8): Use of undefined constant WILDFLOWER_DIR - assumed 'WILDFLOWER_DIR' in [APP/controllers/components/jlm_packager.php, line 15]
2009-11-14 08:29:47 Notice: Notice (1024): /wildflower/jlm directory does not exist! in [APP/controllers/components/jlm_packager.php, line 16]
2009-11-14 08:29:47 Notice: Notice (8): Use of undefined constant WILDFLOWER_DIR - assumed 'WILDFLOWER_DIR' in [APP/controllers/components/jlm_packager.php, line 15]
2009-11-14 08:29:47 Notice: Notice (1024): /wildflower/jlm directory does not exist! in [APP/controllers/components/jlm_packager.php, line 16]
2009-11-14 08:29:53 Notice: Notice (8): Use of undefined constant WILDFLOWER_DIR - assumed 'WILDFLOWER_DIR' in [APP/controllers/components/jlm_packager.php, line 15]
2009-11-14 08:29:53 Notice: Notice (1024): /wildflower/jlm directory does not exist! in [APP/controllers/components/jlm_packager.php, line 16]
2009-11-14 08:34:29 Notice: Notice (8): Use of undefined constant WILDFLOWER_DIR - assumed 'WILDFLOWER_DIR' in [APP/controllers/components/jlm_packager.php, line 15]
2009-11-14 08:34:29 Notice: Notice (1024): /wildflower/jlm directory does not exist! in [APP/controllers/components/jlm_packager.php, line 16]
2009-11-14 08:34:30 Notice: Notice (8): Use of undefined constant WILDFLOWER_DIR - assumed 'WILDFLOWER_DIR' in [APP/controllers/components/jlm_packager.php, line 15]
2009-11-14 08:34:30 Notice: Notice (1024): /wildflower/jlm directory does not exist! in [APP/controllers/components/jlm_packager.php, line 16]
2009-11-14 08:35:01 Notice: Notice (8): Use of undefined constant WILDFLOWER_DIR - assumed 'WILDFLOWER_DIR' in [APP/controllers/components/jlm_packager.php, line 15]
2009-11-14 08:35:01 Notice: Notice (1024): /wildflower/jlm directory does not exist! in [APP/controllers/components/jlm_packager.php, line 16]
2009-11-14 08:35:01 Notice: Notice (8): Use of undefined constant WILDFLOWER_DIR - assumed 'WILDFLOWER_DIR' in [APP/controllers/components/jlm_packager.php, line 15]
2009-11-14 08:35:01 Notice: Notice (1024): /wildflower/jlm directory does not exist! in [APP/controllers/components/jlm_packager.php, line 16]
2009-11-14 08:35:36 Notice: Notice (8): Use of undefined constant WILDFLOWER_DIR - assumed 'WILDFLOWER_DIR' in [APP/controllers/components/jlm_packager.php, line 15]
2009-11-14 08:35:36 Notice: Notice (1024): /wildflower/jlm directory does not exist! in [APP/controllers/components/jlm_packager.php, line 16]
2009-11-14 08:35:40 Notice: Notice (8): Use of undefined constant WILDFLOWER_DIR - assumed 'WILDFLOWER_DIR' in [APP/controllers/components/jlm_packager.php, line 15]
2009-11-14 08:35:40 Notice: Notice (1024): /wildflower/jlm directory does not exist! in [APP/controllers/components/jlm_packager.php, line 16]
2009-11-14 08:35:41 Notice: Notice (8): Use of undefined constant WILDFLOWER_DIR - assumed 'WILDFLOWER_DIR' in [APP/controllers/components/jlm_packager.php, line 15]
2009-11-14 08:35:41 Notice: Notice (1024): /wildflower/jlm directory does not exist! in [APP/controllers/components/jlm_packager.php, line 16]
2009-11-14 08:35:42 Notice: Notice (8): Use of undefined constant WILDFLOWER_DIR - assumed 'WILDFLOWER_DIR' in [APP/controllers/components/jlm_packager.php, line 15]
2009-11-14 08:35:42 Notice: Notice (1024): /wildflower/jlm directory does not exist! in [APP/controllers/components/jlm_packager.php, line 16]
2009-11-14 08:35:42 Notice: Notice (8): Use of undefined constant WILDFLOWER_DIR - assumed 'WILDFLOWER_DIR' in [APP/controllers/components/jlm_packager.php, line 15]
2009-11-14 08:35:42 Notice: Notice (1024): /wildflower/jlm directory does not exist! in [APP/controllers/components/jlm_packager.php, line 16]
2009-11-14 08:43:31 Notice: Notice (1024): /wildflower/jlm directory does not exist! in [APP/controllers/components/jlm_packager.php, line 16]
2009-11-14 08:51:38 Notice: Notice (1024): /wildflower/jlm directory does not exist! in [APP/controllers/components/jlm_packager.php, line 16]
2009-11-14 09:40:21 Notice: Notice (8): Undefined variable: wild in [APP/views/wild_users/wf_edit.ctp, line 19]
2009-11-14 09:40:23 Notice: Notice (8): Undefined variable: wild in [APP/views/wild_users/wf_edit.ctp, line 19]
2009-11-14 09:40:23 Notice: Notice (8): Undefined variable: wild in [APP/views/wild_users/wf_edit.ctp, line 19]
2009-11-14 09:43:17 Notice: Notice (8): Undefined variable: code in [CORE/cake/libs/error.php, line 130]
2009-11-14 09:43:17 Notice: Notice (8): Undefined variable: name in [CORE/cake/libs/error.php, line 131]
2009-11-14 09:43:17 Notice: Notice (8): Undefined variable: message in [CORE/cake/libs/error.php, line 132]
2009-11-14 09:43:17 Notice: Notice (8): Undefined variable: code in [CORE/cake/libs/error.php, line 133]
2009-11-14 09:43:17 Notice: Notice (8): Undefined variable: name in [CORE/cake/libs/error.php, line 134]
2009-11-14 09:43:17 Notice: Notice (8): Undefined variable: code in [CORE/cake/libs/error.php, line 130]
2009-11-14 09:43:17 Notice: Notice (8): Undefined variable: name in [CORE/cake/libs/error.php, line 131]
2009-11-14 09:43:17 Notice: Notice (8): Undefined variable: message in [CORE/cake/libs/error.php, line 132]
2009-11-14 09:43:17 Notice: Notice (8): Undefined variable: code in [CORE/cake/libs/error.php, line 133]
2009-11-14 09:43:17 Notice: Notice (8): Undefined variable: name in [CORE/cake/libs/error.php, line 134]
2009-11-14 09:50:42 Notice: Notice (8): Undefined variable: wild in [APP/views/wild_users/wf_change_password.ctp, line 17]
2009-11-14 09:50:44 Notice: Notice (8): Undefined variable: wild in [APP/views/wild_users/wf_change_password.ctp, line 17]
2009-11-14 09:50:45 Notice: Notice (8): Undefined variable: wild in [APP/views/wild_users/wf_change_password.ctp, line 17]
2009-11-15 09:02:00 Notice: Notice (8): Use of undefined constant SETTINGS_CACHE_FILE - assumed 'SETTINGS_CACHE_FILE' in [APP/models/wild_setting.php, line 17]
2009-11-15 10:06:25 Notice: Notice (1024): Thumbnail generator: Source file /var/www/wildflowerm/app/webroot/uploads/yiiblog-2.png does not exists. in [APP/controllers/wild_assets_controller.php, line 171]
2009-11-16 23:08:25 Notice: Notice (8): Undefined index:  title in [APP/controllers/wild_pages_controller.php, line 64]
2009-11-16 23:08:25 Notice: Notice (8): Undefined index:  title in [APP/controllers/wild_pages_controller.php, line 64]
2009-11-16 23:08:28 Notice: Notice (8): Undefined index:  title in [APP/controllers/wild_pages_controller.php, line 64]
2009-11-16 23:08:29 Notice: Notice (8): Undefined index:  title in [APP/controllers/wild_pages_controller.php, line 64]
2009-11-17 08:45:37 Notice: Notice (8): Undefined variable: config in [CORE/cake/libs/configure.php, line 273]
2009-11-17 08:45:37 Notice: Notice (8): Undefined variable: config in [CORE/cake/libs/configure.php, line 274]
2009-11-17 08:45:38 Notice: Notice (8): Undefined variable: config in [CORE/cake/libs/configure.php, line 273]
2009-11-17 08:45:38 Notice: Notice (8): Undefined variable: config in [CORE/cake/libs/configure.php, line 274]
2009-11-17 08:51:16 Notice: Notice (8): ob_clean() [<a href='http://php.net/ref.outcontrol'>ref.outcontrol</a>]: failed to delete buffer. No buffer to delete. in [APP/app_controller.php, line 109]
2009-11-17 08:51:17 Notice: Notice (8): ob_clean() [<a href='http://php.net/ref.outcontrol'>ref.outcontrol</a>]: failed to delete buffer. No buffer to delete. in [APP/app_controller.php, line 109]
2009-11-17 12:20:49 Notice: Notice (8): Undefined variable: code in [CORE/cake/libs/error.php, line 130]
2009-11-17 12:20:49 Notice: Notice (8): Undefined variable: name in [CORE/cake/libs/error.php, line 131]
2009-11-17 12:20:49 Notice: Notice (8): Undefined variable: message in [CORE/cake/libs/error.php, line 132]
2009-11-17 12:20:49 Notice: Notice (8): Undefined variable: code in [CORE/cake/libs/error.php, line 133]
2009-11-17 12:20:49 Notice: Notice (8): Undefined variable: name in [CORE/cake/libs/error.php, line 134]
2009-11-17 12:20:49 Notice: Notice (8): Undefined variable: code in [CORE/cake/libs/error.php, line 130]
2009-11-17 12:20:49 Notice: Notice (8): Undefined variable: name in [CORE/cake/libs/error.php, line 131]
2009-11-17 12:20:49 Notice: Notice (8): Undefined variable: message in [CORE/cake/libs/error.php, line 132]
2009-11-17 12:20:49 Notice: Notice (8): Undefined variable: code in [CORE/cake/libs/error.php, line 133]
2009-11-17 12:20:49 Notice: Notice (8): Undefined variable: name in [CORE/cake/libs/error.php, line 134]
2009-11-17 12:48:30 Notice: Notice (8): Undefined property: WildWidgetsController::$theme in [APP/controllers/wild_widgets_controller.php, line 20]
2009-11-17 12:48:30 Notice: Notice (8): Use of undefined constant WILDFLOWER_DIR - assumed 'WILDFLOWER_DIR' in [APP/controllers/wild_widgets_controller.php, line 21]
2009-11-17 12:49:19 Notice: Notice (8): Undefined property: WildWidgetsController::$theme in [APP/controllers/wild_widgets_controller.php, line 20]
2009-11-17 12:49:19 Notice: Notice (8): Use of undefined constant WILDFLOWER_DIR - assumed 'WILDFLOWER_DIR' in [APP/controllers/wild_widgets_controller.php, line 21]
2009-11-17 12:50:11 Notice: Notice (8): Undefined property: WildWidgetsController::$theme in [APP/controllers/wild_widgets_controller.php, line 20]
2009-11-17 12:50:11 Notice: Notice (8): Use of undefined constant WILDFLOWER_DIR - assumed 'WILDFLOWER_DIR' in [APP/controllers/wild_widgets_controller.php, line 21]
2009-11-17 19:08:33 Notice: Notice (8): Undefined variable: time in [APP/views/wild_posts/wf_index.ctp, line 31]
2009-11-17 19:19:28 Notice: Notice (8): Undefined index:  WildUser in [APP/views/wild_posts/wf_edit.ctp, line 52]
2009-11-17 19:19:58 Notice: Notice (8): Undefined index:  WildUser in [APP/views/wild_posts/wf_edit.ctp, line 52]
2009-11-17 19:24:14 Notice: Notice (8): Undefined index:  WildUser in [APP/views/wild_posts/wf_edit.ctp, line 52]
2009-11-17 19:24:19 Notice: Notice (8): Undefined variable: tree in [APP/views/wild_posts/wf_categorize.ctp, line 13]
2009-11-19 08:19:31 Notice: Notice (8): Undefined index:  WildUser in [APP/views/wild_posts/wf_edit.ctp, line 52]
2009-11-19 08:25:49 Notice: Notice (8): Undefined index:  WildUser in [APP/views/wild_posts/wf_edit.ctp, line 52]
2009-11-19 08:25:57 Notice: Notice (8): Undefined index:  WildUser in [APP/views/wild_posts/wf_edit.ctp, line 52]
2009-11-19 08:27:33 Notice: Notice (8): Undefined index:  WildUser in [APP/views/wild_posts/wf_edit.ctp, line 52]
2009-11-19 08:28:24 Notice: Notice (8): Undefined index:  WildUser in [APP/views/wild_posts/wf_edit.ctp, line 52]
2009-11-19 08:29:59 Notice: Notice (8): Undefined index:  WildUser in [APP/views/wild_posts/wf_edit.ctp, line 52]
2009-11-19 08:33:07 Notice: Notice (8): Undefined index:  WildUser in [APP/views/wild_posts/wf_edit.ctp, line 52]
2009-11-19 08:33:24 Notice: Notice (8): Undefined index:  WildUser in [APP/views/wild_posts/wf_edit.ctp, line 52]
2009-11-19 08:36:05 Notice: Notice (8): Undefined index:  WildUser in [APP/views/wild_posts/wf_edit.ctp, line 52]
2009-11-19 08:36:44 Notice: Notice (8): Undefined index:  WildUser in [APP/views/wild_posts/wf_edit.ctp, line 52]
2009-11-19 08:48:06 Notice: Notice (8): Undefined index:  WildUser in [APP/views/wild_posts/wf_edit.ctp, line 52]
2009-11-19 10:42:06 Notice: Notice (8): Undefined property: WildPagesController::$homePageId in [APP/controllers/wild_pages_controller.php, line 196]
2009-11-19 10:45:48 Notice: Notice (8): Undefined property: WildPagesController::$homePageId in [APP/controllers/wild_pages_controller.php, line 196]
2009-11-19 10:45:49 Notice: Notice (8): Undefined property: WildPagesController::$homePageId in [APP/controllers/wild_pages_controller.php, line 196]
2009-11-19 10:50:12 Notice: Notice (8): Undefined property: WildPagesController::$homePageId in [APP/controllers/wild_pages_controller.php, line 196]
2009-11-19 11:33:10 Notice: Notice (8): Undefined property: WildPagesController::$theme in [APP/controllers/wild_pages_controller.php, line 246]
2009-11-19 11:34:04 Notice: Notice (8): Undefined property: WildPagesController::$theme in [APP/controllers/wild_pages_controller.php, line 246]
2009-11-19 12:49:47 Notice: Notice (8): Undefined property: WildMessagesController::$theme in [APP/controllers/wild_messages_controller.php, line 72]
2009-11-19 16:41:17 Notice: Notice (8): Undefined property: WildMessagesController::$theme in [APP/controllers/wild_messages_controller.php, line 72]
2009-11-19 16:42:51 Notice: Notice (8): Undefined property: WildMessagesController::$theme in [APP/controllers/wild_messages_controller.php, line 72]
2009-11-19 16:54:06 Notice: Notice (8): Undefined variable: rss in [APP/views/wild_posts/rss.ctp, line 2]
2009-11-19 16:54:07 Notice: Notice (8): Undefined variable: rss in [APP/views/wild_posts/rss.ctp, line 2]
2009-11-19 17:05:28 Notice: Notice (8): Undefined variable: category in [APP/views/wild_posts/index.ctp, line 24]
2009-11-19 17:06:51 Notice: Notice (8): Undefined index:  WildUser in [APP/views/wild_posts/wf_edit.ctp, line 52]
